2009-08-28T18:30:11+03:00 ERR (3): Exception Zend_Db_Statement_Exception (42S02): SQLSTATE[42S02]: Base table or view not found: 1146 Table 'xnovaes.sessions' doesn't exist in /var/www/xnovaes.test/zf_based/client/library/Zend/Db/Statement/Pdo.php, line 231
2009-08-28T18:31:33+03:00 ERR (3): Exception Zend_Db_Statement_Exception (42S02): SQLSTATE[42S02]: Base table or view not found: 1146 Table 'xnovaes.sessions' doesn't exist in /var/www/xnovaes.test/zf_based/client/library/Zend/Db/Statement/Pdo.php, line 231
2009-08-28T18:50:55+03:00 ERR (3): Exception Zend_Controller_Dispatcher_Exception: Invalid controller specified (banned) Request URI: /banned in /var/www/xnovaes.test/zf_based/client/library/Zend/Controller/Dispatcher/Standard.php, line 242
2009-08-28T18:50:59+03:00 ERR (3): Exception Zend_Controller_Dispatcher_Exception: Invalid controller specified (search) Request URI: /search in /var/www/xnovaes.test/zf_based/client/library/Zend/Controller/Dispatcher/Standard.php, line 242
2009-08-28T18:51:04+03:00 ERR (3): Exception Zend_Controller_Action_Exception (404): Action "defence" does not exist and was not trapped in __call() in /var/www/xnovaes.test/zf_based/client/library/Zend/Controller/Action.php, line 485
2009-08-28T18:51:11+03:00 ERR (3): Exception Zend_Controller_Action_Exception (404): Action "research" does not exist and was not trapped in __call() in /var/www/xnovaes.test/zf_based/client/library/Zend/Controller/Action.php, line 485
2009-08-28T20:50:31+03:00 ERR (3): Exception Doctrine_Connection_Mysql_Exception (42): SQLSTATE[42S22]: Column not found: 1054 Unknown column 'p.width' in 'field list' in /var/www/xnovaes.test/zf_based/client/library/Doctrine/Doctrine/Connection.php, line 1084
2009-09-23T21:30:38+04:00 ERR (3): Exception Zend_Controller_Dispatcher_Exception: Invalid controller specified (libs) Request URI: /libs/mootools/mootools.js in /home/nikelin/workspace/xnovaes-zend/trunk/client/library/Zend/Controller/Dispatcher/Standard.php, line 242
2009-09-23T21:30:38+04:00 ERR (3): Exception Zend_Controller_Dispatcher_Exception: Invalid controller specified (libs) Request URI: /libs/mootools/mootools-more.js in /home/nikelin/workspace/xnovaes-zend/trunk/client/library/Zend/Controller/Dispatcher/Standard.php, line 242
2009-09-23T21:30:38+04:00 ERR (3): Exception Zend_Controller_Dispatcher_Exception: Invalid controller specified (libs) Request URI: /libs/mootools/mootools-extend.js in /home/nikelin/workspace/xnovaes-zend/trunk/client/library/Zend/Controller/Dispatcher/Standard.php, line 242
2009-09-23T21:30:43+04:00 ERR (3): Exception Zend_Controller_Dispatcher_Exception: Invalid controller specified (libs) Request URI: /libs/mootools/mootools.js in /home/nikelin/workspace/xnovaes-zend/trunk/client/library/Zend/Controller/Dispatcher/Standard.php, line 242
2009-09-23T21:30:43+04:00 ERR (3): Exception Zend_Controller_Dispatcher_Exception: Invalid controller specified (libs) Request URI: /libs/mootools/mootools-more.js in /home/nikelin/workspace/xnovaes-zend/trunk/client/library/Zend/Controller/Dispatcher/Standard.php, line 242
2009-09-23T21:30:43+04:00 ERR (3): Exception Zend_Controller_Dispatcher_Exception: Invalid controller specified (libs) Request URI: /libs/mootools/mootools-extend.js in /home/nikelin/workspace/xnovaes-zend/trunk/client/library/Zend/Controller/Dispatcher/Standard.php, line 242
2009-09-23T21:30:56+04:00 ERR (3): Exception Zend_Controller_Dispatcher_Exception: Invalid controller specified (libs) Request URI: /libs/mootools/mootools.js in /home/nikelin/workspace/xnovaes-zend/trunk/client/library/Zend/Controller/Dispatcher/Standard.php, line 242
2009-09-23T21:30:56+04:00 ERR (3): Exception Zend_Controller_Dispatcher_Exception: Invalid controller specified (libs) Request URI: /libs/mootools/mootools-more.js in /home/nikelin/workspace/xnovaes-zend/trunk/client/library/Zend/Controller/Dispatcher/Standard.php, line 242
2009-09-23T21:30:56+04:00 ERR (3): Exception Zend_Controller_Dispatcher_Exception: Invalid controller specified (libs) Request URI: /libs/mootools/mootools-extend.js in /home/nikelin/workspace/xnovaes-zend/trunk/client/library/Zend/Controller/Dispatcher/Standard.php, line 242
2009-09-23T21:30:59+04:00 ERR (3): Exception Zend_Controller_Dispatcher_Exception: Invalid controller specified (libs) Request URI: /libs/mootools/mootools.js in /home/nikelin/workspace/xnovaes-zend/trunk/client/library/Zend/Controller/Dispatcher/Standard.php, line 242
2009-09-23T21:30:59+04:00 ERR (3): Exception Zend_Controller_Dispatcher_Exception: Invalid controller specified (libs) Request URI: /libs/mootools/mootools-more.js in /home/nikelin/workspace/xnovaes-zend/trunk/client/library/Zend/Controller/Dispatcher/Standard.php, line 242
2009-09-23T21:30:59+04:00 ERR (3): Exception Zend_Controller_Dispatcher_Exception: Invalid controller specified (libs) Request URI: /libs/mootools/mootools-extend.js in /home/nikelin/workspace/xnovaes-zend/trunk/client/library/Zend/Controller/Dispatcher/Standard.php, line 242
2009-09-23T21:31:37+04:00 ERR (3): Exception Zend_Controller_Dispatcher_Exception: Invalid controller specified (libs) Request URI: /libs/mootools/mootools-more.js in /home/nikelin/workspace/xnovaes-zend/trunk/client/library/Zend/Controller/Dispatcher/Standard.php, line 242
2009-09-23T21:31:37+04:00 ERR (3): Exception Zend_Controller_Dispatcher_Exception: Invalid controller specified (libs) Request URI: /libs/mootools/mootools-extend.js in /home/nikelin/workspace/xnovaes-zend/trunk/client/library/Zend/Controller/Dispatcher/Standard.php, line 242
2009-09-23T21:31:37+04:00 ERR (3): Exception Zend_Controller_Dispatcher_Exception: Invalid controller specified (libs) Request URI: /libs/mootools/mootools.js in /home/nikelin/workspace/xnovaes-zend/trunk/client/library/Zend/Controller/Dispatcher/Standard.php, line 242
2009-09-23T21:31:38+04:00 ERR (3): Exception Zend_Controller_Dispatcher_Exception: Invalid controller specified (libs) Request URI: /libs/mootools/mootools.js in /home/nikelin/workspace/xnovaes-zend/trunk/client/library/Zend/Controller/Dispatcher/Standard.php, line 242
2009-09-23T21:31:38+04:00 ERR (3): Exception Zend_Controller_Dispatcher_Exception: Invalid controller specified (libs) Request URI: /libs/mootools/mootools-more.js in /home/nikelin/workspace/xnovaes-zend/trunk/client/library/Zend/Controller/Dispatcher/Standard.php, line 242
2009-09-23T21:31:39+04:00 ERR (3): Exception Zend_Controller_Dispatcher_Exception: Invalid controller specified (libs) Request URI: /libs/mootools/mootools-extend.js in /home/nikelin/workspace/xnovaes-zend/trunk/client/library/Zend/Controller/Dispatcher/Standard.php, line 242
2009-09-23T21:31:45+04:00 ERR (3): Exception Doctrine_Exception: Couldn't find class  in /home/nikelin/workspace/xnovaes-zend/trunk/client/library/Doctrine/Doctrine/Table.php, line 290
